  sf_b2.cpp
c:\users\dmadden\desktop\s2dec-master\s2dec-master\s2dec\src\sfml\graphics\transformable.hpp(31): fatal error C1083: Cannot open include file: 'SFML/Graphics/Export.hpp': No such file or directory
  StaticQuadtree.cpp
c:\users\dmadden\desktop\s2dec-master\s2dec-master\s2dec\src\ltbl2\ltbl\quadtree\quadtreeoccupant.h(3): fatal error C1083: Cannot open include file: 'SFML/System.hpp': No such file or directory
  QuadtreeOccupant.cpp
c:\users\dmadden\desktop\s2dec-master\s2dec-master\s2dec\src\ltbl2\ltbl\quadtree\quadtreeoccupant.h(3): fatal error C1083: Cannot open include file: 'SFML/System.hpp': No such file or directory
  QuadtreeNode.cpp
c:\users\dmadden\desktop\s2dec-master\s2dec-master\s2dec\src\ltbl2\ltbl\quadtree\quadtreeoccupant.h(3): fatal error C1083: Cannot open include file: 'SFML/System.hpp': No such file or directory
  Quadtree.cpp
c:\users\dmadden\desktop\s2dec-master\s2dec-master\s2dec\src\ltbl2\ltbl\quadtree\quadtreeoccupant.h(3): fatal error C1083: Cannot open include file: 'SFML/System.hpp': No such file or directory
  DynamicQuadtree.cpp
c:\users\dmadden\desktop\s2dec-master\s2dec-master\s2dec\src\ltbl2\ltbl\quadtree\quadtreeoccupant.h(3): fatal error C1083: Cannot open include file: 'SFML/System.hpp': No such file or directory
  Math.cpp
c:\users\dmadden\desktop\s2dec-master\s2dec-master\s2dec\src\ltbl2\ltbl\math.h(3): fatal error C1083: Cannot open include file: 'SFML/Graphics.hpp': No such file or directory
  LightSystem.cpp
c:\users\dmadden\desktop\s2dec-master\s2dec-master\s2dec\src\ltbl2\ltbl\quadtree\quadtreeoccupant.h(3): fatal error C1083: Cannot open include file: 'SFML/System.hpp': No such file or directory
  LightShape.cpp
c:\users\dmadden\desktop\s2dec-master\s2dec-master\s2dec\src\ltbl2\ltbl\quadtree\quadtreeoccupant.h(3): fatal error C1083: Cannot open include file: 'SFML/System.hpp': No such file or directory
  LightPointEmission.cpp
c:\users\dmadden\desktop\s2dec-master\s2dec-master\s2dec\src\ltbl2\ltbl\quadtree\quadtreeoccupant.h(3): fatal error C1083: Cannot open include file: 'SFML/System.hpp': No such file or directory
  LightDirectionEmission.cpp
c:\users\dmadden\desktop\s2dec-master\s2dec-master\s2dec\src\ltbl2\ltbl\lighting\lightdirectionemission.h(3): fatal error C1083: Cannot open include file: 'SFML/Graphics.hpp': No such file or directory
  Game.cpp
c:\users\dmadden\desktop\s2dec-master\s2dec-master\s2dec\src\box2d\dynamics\b2world.h(22): fatal error C1083: Cannot open include file: 'Box2D/Common/b2Math.h': No such file or directory
  EventManager.cpp
c:\users\dmadden\desktop\s2dec-master\s2dec-master\s2dec\src\sfml\system\time.hpp(31): fatal error C1083: Cannot open include file: 'SFML/System/Export.hpp': No such file or directory
  Entity.cpp
c:\users\dmadden\desktop\s2dec-master\s2dec-master\s2dec\src\box2d\dynamics\b2world.h(22): fatal error C1083: Cannot open include file: 'Box2D/Common/b2Math.h': No such file or directory
  Controls.cpp
c:\users\dmadden\desktop\s2dec-master\s2dec-master\s2dec\src\controls.h(21): fatal error C1083: Cannot open include file: 'SFML/Graphics/RenderWindow.hpp': No such file or directory
  CompareEntityZ.cpp
c:\users\dmadden\desktop\s2dec-master\s2dec-master\s2dec\src\sfml\system\time.hpp(31): fatal error C1083: Cannot open include file: 'SFML/System/Export.hpp': No such file or directory
  CollisionListener.cpp
c:\users\dmadden\desktop\s2dec-master\s2dec-master\s2dec\src\box2d\dynamics\b2worldcallbacks.h(22): fatal error C1083: Cannot open include file: 'Box2D/Common/b2Settings.h': No such file or directory
  main.cpp
c:\users\dmadden\desktop\s2dec-master\s2dec-master\s2dec\main.cpp(1): fatal error C1083: Cannot open include file: 'Game.h': No such file or directory
  Dstar.cpp
c:\users\dmadden\desktop\s2dec-master\s2dec-master\s2dec\games\simulator\dstar.cpp(174): warning C4101: 'temp': unreferenced local variable
c:\users\dmadden\desktop\s2dec-master\s2dec-master\s2dec\games\simulator\dstar.cpp(329): warning C4244: 'initializing': conversion from 'int' to 'float', possible loss of data
c:\users\dmadden\desktop\s2dec-master\s2dec-master\s2dec\games\simulator\dstar.cpp(330): warning C4244: 'initializing': conversion from 'int' to 'float', possible loss of data
  Pong.cpp
c:\users\dmadden\desktop\s2dec-master\s2dec-master\s2dec\games\pong\paddle.h(2): fatal error C1083: Cannot open include file: 'Box2D/Dynamics/b2World.h': No such file or directory
  Generating Code...
